<?xml version="1.0" encoding="UTF-8" ?>
<testsuites>
  <testsuite errors="0" failures="0" hostname="Dovahkiin" id="0" name="SeleniumTest" package="com.selftechy.seltests" skipped="0" tests="1" time="9.368" timestamp="2015-05-27T14:45:21">
      <properties>
[...]
</properties>

      <testcase classname="com.selftechy.seltests.SeleniumTest" name="testSeleneseTestCase" time="9.191" />

      <system-out><![CDATA[]]></system-out>

      <system-err><![CDATA[]]></system-err>

  </testsuite>
</testsuites>
